<?xml version="1.0" encoding="UTF-8"?>
<testng-results skipped="0" failed="0" ignored="0" total="1" passed="1">
  <reporter-output>
  </reporter-output>
  <suite name="testng sample suite" duration-ms="114495" started-at="2020-07-03T01:12:34 IST" finished-at="2020-07-03T01:14:29 IST">
    <groups>
    </groups>
    <test name="sample test" duration-ms="114495" started-at="2020-07-03T01:12:34 IST" finished-at="2020-07-03T01:14:29 IST">
      <class name="testscripts.FlipkartScenario">
        <test-method status="PASS" signature="beforeTest()[pri:0, instance:testscripts.FlipkartScenario@5b11a194]" name="beforeTest" is-config="true" duration-ms="9968" started-at="2020-07-03T01:12:34 IST" finished-at="2020-07-03T01:12:44 IST">
          <reporter-output>
          </reporter-output>
        </test-method> <!-- beforeTest -->
        <test-method status="PASS" signature="testcase1()[pri:0, instance:testscripts.FlipkartScenario@5b11a194]" name="testcase1" duration-ms="103120" started-at="2020-07-03T01:12:44 IST" finished-at="2020-07-03T01:14:28 IST">
          <reporter-output>
          </reporter-output>
        </test-method> <!-- testcase1 -->
        <test-method status="PASS" signature="afterTest()[pri:0, instance:testscripts.FlipkartScenario@5b11a194]" name="afterTest" is-config="true" duration-ms="1282" started-at="2020-07-03T01:14:28 IST" finished-at="2020-07-03T01:14:29 IST">
          <reporter-output>
          </reporter-output>
        </test-method> <!-- afterTest -->
      </class> <!-- testscripts.FlipkartScenario -->
    </test> <!-- sample test -->
  </suite> <!-- testng sample suite -->
</testng-results>
